[35m[1mConsolidate compiler generated dependencies of target alpha_moveit[0m
[ 50%] [32mBuilding CXX object CMakeFiles/alpha_moveit.dir/src/alpha_moveit.cpp.o[0m
[01m[K/home/gordonc/alpha_test/src/alpha_moveit/src/alpha_moveit.cpp:[m[K In function â€˜[01m[Kint main(int, char**)[m[Kâ€™:
[01m[K/home/gordonc/alpha_test/src/alpha_moveit/src/alpha_moveit.cpp:68:32:[m[K [01;31m[Kerror: [m[Kexpected â€˜[01m[K;[m[Kâ€™ before â€˜[01m[Kauto[m[Kâ€™
   68 |   moveit_visual_tools.trigger()
      |                                [01;31m[K^[m[K
      |                                [32m[K;[m[K
......
   71 |   [32m[Kauto[m[K const [success, plan] = [&move_group_interface]{
      |   [32m[K~~~~[m[K                          
[01m[K/home/gordonc/alpha_test/src/alpha_moveit/src/alpha_moveit.cpp:75:5:[m[K [01;31m[Kerror: [m[Kexpected primary-expression before â€˜[01m[K)[m[Kâ€™ token
   75 |   }([01;31m[K)[m[K;
      |     [01;31m[K^[m[K
[01m[K/home/gordonc/alpha_test/src/alpha_moveit/src/alpha_moveit.cpp:78:6:[m[K [01;31m[Kerror: [m[Kâ€˜[01m[Ksuccess[m[Kâ€™ was not declared in this scope; did you mean â€˜[01m[Keaccess[m[Kâ€™?
   78 |   if([01;31m[Ksuccess[m[K) {
      |      [01;31m[K^~~~~~~[m[K
      |      [32m[Keaccess[m[K
[01m[K/home/gordonc/alpha_test/src/alpha_moveit/src/alpha_moveit.cpp:79:31:[m[K [01;31m[Kerror: [m[Kâ€˜[01m[Kplan[m[Kâ€™ was not declared in this scope
   79 |     draw_trajectory_tool_path([01;31m[Kplan[m[K.trajectory);
      |                               [01;31m[K^~~~[m[K
gmake[2]: *** [CMakeFiles/alpha_moveit.dir/build.make:76: CMakeFiles/alpha_moveit.dir/src/alpha_moveit.cpp.o] Error 1
gmake[1]: *** [CMakeFiles/Makefile2:137: CMakeFiles/alpha_moveit.dir/all] Error 2
gmake: *** [Makefile:146: all] Error 2
