[01m[K/home/gordonc/alpha_test/src/alpha_moveit/src/alpha_moveit.cpp:[m[K In function â€˜[01m[Kint main(int, char**)[m[Kâ€™:
[01m[K/home/gordonc/alpha_test/src/alpha_moveit/src/alpha_moveit.cpp:36:3:[m[K [01;31m[Kerror: [m[Kâ€˜[01m[Kvector[m[Kâ€™ was not declared in this scope
   36 |   [01;31m[Kvector[m[K<double> target_pose{
      |   [01;31m[K^~~~~~[m[K
[01m[K/home/gordonc/alpha_test/src/alpha_moveit/src/alpha_moveit.cpp:36:3:[m[K [01;36m[Knote: [m[Ksuggested alternatives:
In file included from [01m[K/usr/include/c++/11/vector:67[m[K,
                 from [01m[K/home/gordonc/alpha_test/src/alpha_moveit/src/alpha_moveit.cpp:2[m[K:
[01m[K/usr/include/c++/11/bits/stl_vector.h:389:11:[m[K [01;36m[Knote: [m[K  â€˜[01m[Kstd::vector[m[Kâ€™
  389 |     class [01;36m[Kvector[m[K : protected _Vector_base<_Tp, _Alloc>
      |           [01;36m[K^~~~~~[m[K
In file included from [01m[K/home/gordonc/alpha_test/src/alpha_moveit/src/alpha_moveit.cpp:2[m[K:
[01m[K/usr/include/c++/11/vector:86:13:[m[K [01;36m[Knote: [m[K  â€˜[01m[Kstd::pmr::vector[m[Kâ€™
   86 |       using [01;36m[Kvector[m[K = std::vector<_Tp, polymorphic_allocator<_Tp>>;
      |             [01;36m[K^~~~~~[m[K
[01m[K/home/gordonc/alpha_test/src/alpha_moveit/src/alpha_moveit.cpp:36:10:[m[K [01;31m[Kerror: [m[Kexpected primary-expression before â€˜[01m[Kdouble[m[Kâ€™
   36 |   vector<[01;31m[Kdouble[m[K> target_pose{
      |          [01;31m[K^~~~~~[m[K
[01m[K/home/gordonc/alpha_test/src/alpha_moveit/src/alpha_moveit.cpp:39:44:[m[K [01;31m[Kerror: [m[Kâ€˜[01m[Ktarget_pose[m[Kâ€™ was not declared in this scope
   39 |   move_group_interface.setJointValueTarget([01;31m[Ktarget_pose[m[K);
      |                                            [01;31m[K^~~~~~~~~~~[m[K
gmake[2]: *** [CMakeFiles/alpha_moveit.dir/build.make:76: CMakeFiles/alpha_moveit.dir/src/alpha_moveit.cpp.o] Error 1
gmake[1]: *** [CMakeFiles/Makefile2:137: CMakeFiles/alpha_moveit.dir/all] Error 2
gmake: *** [Makefile:146: all] Error 2
