[0.047s] Invoking command in '/home/gordonc/alpha_test/build/alpha_moveit': CMAKE_PREFIX_PATH=${CMAKE_PREFIX_PATH}:/home/gordonc/colcon_ws/install/blue_manager:/home/gordonc/colcon_ws/install/blue_localization:/home/gordonc/colcon_ws/install/blue_joy:/opt/ros/humble /usr/bin/cmake --build /home/gordonc/alpha_test/build/alpha_moveit -- -j8 -l8
[0.184s] [35m[1mConsolidate compiler generated dependencies of target alpha_moveit[0m
[0.262s] [ 50%] [32mBuilding CXX object CMakeFiles/alpha_moveit.dir/src/alpha_moveit.cpp.o[0m
[15.579s] [01m[K/home/gordonc/alpha_test/src/alpha_moveit/src/alpha_moveit.cpp:[m[K In function â€˜[01m[Kint main(int, char**)[m[Kâ€™:
[15.579s] [01m[K/home/gordonc/alpha_test/src/alpha_moveit/src/alpha_moveit.cpp:36:3:[m[K [01;31m[Kerror: [m[Kâ€˜[01m[Kvector[m[Kâ€™ was not declared in this scope
[15.579s]    36 |   [01;31m[Kvector[m[K<double> target_pose{
[15.579s]       |   [01;31m[K^~~~~~[m[K
[15.579s] [01m[K/home/gordonc/alpha_test/src/alpha_moveit/src/alpha_moveit.cpp:36:3:[m[K [01;36m[Knote: [m[Ksuggested alternatives:
[15.580s] In file included from [01m[K/usr/include/c++/11/vector:67[m[K,
[15.580s]                  from [01m[K/home/gordonc/alpha_test/src/alpha_moveit/src/alpha_moveit.cpp:2[m[K:
[15.580s] [01m[K/usr/include/c++/11/bits/stl_vector.h:389:11:[m[K [01;36m[Knote: [m[K  â€˜[01m[Kstd::vector[m[Kâ€™
[15.580s]   389 |     class [01;36m[Kvector[m[K : protected _Vector_base<_Tp, _Alloc>
[15.580s]       |           [01;36m[K^~~~~~[m[K
[15.580s] In file included from [01m[K/home/gordonc/alpha_test/src/alpha_moveit/src/alpha_moveit.cpp:2[m[K:
[15.580s] [01m[K/usr/include/c++/11/vector:86:13:[m[K [01;36m[Knote: [m[K  â€˜[01m[Kstd::pmr::vector[m[Kâ€™
[15.580s]    86 |       using [01;36m[Kvector[m[K = std::vector<_Tp, polymorphic_allocator<_Tp>>;
[15.580s]       |             [01;36m[K^~~~~~[m[K
[15.581s] [01m[K/home/gordonc/alpha_test/src/alpha_moveit/src/alpha_moveit.cpp:36:10:[m[K [01;31m[Kerror: [m[Kexpected primary-expression before â€˜[01m[Kdouble[m[Kâ€™
[15.581s]    36 |   vector<[01;31m[Kdouble[m[K> target_pose{
[15.581s]       |          [01;31m[K^~~~~~[m[K
[15.581s] [01m[K/home/gordonc/alpha_test/src/alpha_moveit/src/alpha_moveit.cpp:39:44:[m[K [01;31m[Kerror: [m[Kâ€˜[01m[Ktarget_pose[m[Kâ€™ was not declared in this scope
[15.581s]    39 |   move_group_interface.setJointValueTarget([01;31m[Ktarget_pose[m[K);
[15.581s]       |                                            [01;31m[K^~~~~~~~~~~[m[K
[15.581s] gmake[2]: *** [CMakeFiles/alpha_moveit.dir/build.make:76: CMakeFiles/alpha_moveit.dir/src/alpha_moveit.cpp.o] Error 1
[15.582s] gmake[1]: *** [CMakeFiles/Makefile2:137: CMakeFiles/alpha_moveit.dir/all] Error 2
[15.582s] gmake: *** [Makefile:146: all] Error 2
[15.586s] Invoked command in '/home/gordonc/alpha_test/build/alpha_moveit' returned '2': CMAKE_PREFIX_PATH=${CMAKE_PREFIX_PATH}:/home/gordonc/colcon_ws/install/blue_manager:/home/gordonc/colcon_ws/install/blue_localization:/home/gordonc/colcon_ws/install/blue_joy:/opt/ros/humble /usr/bin/cmake --build /home/gordonc/alpha_test/build/alpha_moveit -- -j8 -l8
