[35m[1mConsolidate compiler generated dependencies of target alpha_moveit[0m
[ 50%] [32mBuilding CXX object CMakeFiles/alpha_moveit.dir/src/alpha_moveit.cpp.o[0m
[01m[K/home/gordonc/alpha_test/src/alpha_moveit/src/alpha_moveit.cpp:[m[K In function â€˜[01m[Kint main(int, char**)[m[Kâ€™:
[01m[K/home/gordonc/alpha_test/src/alpha_moveit/src/alpha_moveit.cpp:65:41:[m[K [01;31m[Kerror: [m[Kno matching function for call to â€˜[01m[Kmoveit::planning_interface::MoveGroupInterface::setPositionTarget(Eigen::Transform<double, 3, 1>&)[m[Kâ€™
   65 |   [01;31m[Kmove_group_interface.setPositionTarget(testmsg)[m[K;
      |   [01;31m[K~~~~~~~~~~~~~~~~~~~~~~~~~~~~~~~~~~~~~~^~~~~~~~~[m[K
In file included from [01m[K/home/gordonc/alpha_test/src/alpha_moveit/src/alpha_moveit.cpp:5[m[K:
[01m[K/opt/ros/humble/include/moveit/move_group_interface/move_group_interface.h:533:8:[m[K [01;36m[Knote: [m[Kcandidate: â€˜[01m[Kbool moveit::planning_interface::MoveGroupInterface::setPositionTarget(double, double, double, const string&)[m[Kâ€™
  533 |   bool [01;36m[KsetPositionTarget[m[K(double x, double y, double z, const std::string& end_effector_link = "");
      |        [01;36m[K^~~~~~~~~~~~~~~~~[m[K
[01m[K/opt/ros/humble/include/moveit/move_group_interface/move_group_interface.h:533:8:[m[K [01;36m[Knote: [m[K  candidate expects 4 arguments, 1 provided
gmake[2]: *** [CMakeFiles/alpha_moveit.dir/build.make:76: CMakeFiles/alpha_moveit.dir/src/alpha_moveit.cpp.o] Error 1
gmake[1]: *** [CMakeFiles/Makefile2:137: CMakeFiles/alpha_moveit.dir/all] Error 2
gmake: *** [Makefile:146: all] Error 2
