[35m[1mConsolidate compiler generated dependencies of target alpha_moveit[0m
[ 50%] [32mBuilding CXX object CMakeFiles/alpha_moveit.dir/src/alpha_moveit.cpp.o[0m
[01m[K/home/gordonc/alpha_test/src/alpha_moveit/src/alpha_moveit.cpp:[m[K In function â€˜[01m[Kint main(int, char**)[m[Kâ€™:
[01m[K/home/gordonc/alpha_test/src/alpha_moveit/src/alpha_moveit.cpp:79:36:[m[K [01;31m[Kerror: [m[Kâ€˜[01m[Kstd::tuple_element<1, const std::pair<bool, moveit::planning_interface::MoveGroupInterface::Plan> >::type[m[Kâ€™ {aka â€˜[01m[Kconst struct moveit::planning_interface::MoveGroupInterface::Plan[m[Kâ€™} has no member named â€˜[01m[Ktrajectory[m[Kâ€™; did you mean â€˜[01m[Ktrajectory_[m[Kâ€™?
   79 |     draw_trajectory_tool_path(plan.[01;31m[Ktrajectory[m[K);
      |                                    [01;31m[K^~~~~~~~~~[m[K
      |                                    [32m[Ktrajectory_[m[K
gmake[2]: *** [CMakeFiles/alpha_moveit.dir/build.make:76: CMakeFiles/alpha_moveit.dir/src/alpha_moveit.cpp.o] Error 1
gmake[1]: *** [CMakeFiles/Makefile2:137: CMakeFiles/alpha_moveit.dir/all] Error 2
gmake: *** [Makefile:146: all] Error 2
